<?xml version="1.0" encoding="UTF-8"?>
<testng-results ignored="0" total="1" passed="1" failed="0" skipped="0">
  <reporter-output>
  </reporter-output>
  <suite started-at="2022-03-23T14:23:19 IST" name="Default suite" finished-at="2022-03-23T14:23:19 IST" duration-ms="41">
    <groups>
    </groups>
    <test started-at="2022-03-23T14:23:19 IST" name="Default test" finished-at="2022-03-23T14:23:19 IST" duration-ms="41">
      <class name="com.crm.TestCase.ParameterTest">
        <test-method signature="getData()[pri:0, instance:com.crm.TestCase.ParameterTest@5bd03f44]" started-at="2022-03-23T14:23:19 IST" name="getData" finished-at="2022-03-23T14:23:19 IST" duration-ms="8" status="PASS">
          <reporter-output>
          </reporter-output>
        </test-method> <!-- getData -->
      </class> <!-- com.crm.TestCase.ParameterTest -->
    </test> <!-- Default test -->
  </suite> <!-- Default suite -->
</testng-results>
